1538402763730	mozrunner::runner	INFO	Running command: "/usr/bin/firefox" "-marionette" "-foreground" "-no-remote" "-profile" "/tmp/rust_mozprofile.ZATZCP7mQJPk"

(firefox:15665): Gtk-WARNING **: 16:06:04.970: Theme parsing error: <data>:1:34: Expected ')' in color definition

(firefox:15665): Gtk-WARNING **: 16:06:04.970: Theme parsing error: <data>:1:77: Expected ')' in color definition
1538402768481	Marionette	INFO	Listening on port 33419
1538402768575	Marionette	WARN	TLS certificate errors will be ignored for this session
1538402768704	Marionette	DEBUG	[2147483649] Frame script loaded
1538402768714	Marionette	DEBUG	[2147483649] Frame script registered
1538402795014	Marionette	INFO	Stopped listening on port 33419
1538402819808	mozrunner::runner	INFO	Running command: "/usr/bin/firefox" "-marionette" "-foreground" "-no-remote" "-profile" "/tmp/rust_mozprofile.64JsfcmqiWCa"

(firefox:15856): Gtk-WARNING **: 16:07:01.639: Theme parsing error: <data>:1:34: Expected ')' in color definition

(firefox:15856): Gtk-WARNING **: 16:07:01.639: Theme parsing error: <data>:1:77: Expected ')' in color definition
1538402825804	Marionette	INFO	Listening on port 38195
1538402825897	Marionette	WARN	TLS certificate errors will be ignored for this session
1538402826247	Marionette	DEBUG	[2147483649] Frame script loaded
1538402826262	Marionette	DEBUG	[2147483649] Frame script registered
1538402837985	Marionette	INFO	Stopped listening on port 38195
1538402929493	mozrunner::runner	INFO	Running command: "/usr/bin/firefox" "-marionette" "-foreground" "-no-remote" "-profile" "/tmp/rust_mozprofile.2Y3LKuzqE47z"

(firefox:16127): Gtk-WARNING **: 16:08:50.515: Theme parsing error: <data>:1:34: Expected ')' in color definition

(firefox:16127): Gtk-WARNING **: 16:08:50.515: Theme parsing error: <data>:1:77: Expected ')' in color definition
1538402933296	Marionette	INFO	Listening on port 40453
1538402933337	Marionette	WARN	TLS certificate errors will be ignored for this session
1538402933485	Marionette	DEBUG	[2147483649] Frame script loaded
1538402933492	Marionette	DEBUG	[2147483649] Frame script registered
1538402933513	Marionette	DEBUG	[2147483649] Received DOM event beforeunload for about:blank
1538402934648	Marionette	DEBUG	[2147483649] Received DOM event pagehide for about:blank
1538402938086	Marionette	DEBUG	[2147483649] Received DOM event DOMContentLoaded for https://www.expedia.dk/Flights-Search?flight-type=on&starDate=14.10.2018&mode=search&trip=oneway&leg1=from%3ALondon%2C+Englan ... %28CPH-Kastrup+Lufthavn%29%2Cdeparture%3A14.10.2018TANYT&passengers=children%3A0%2Cadults%3A1%2Cseniors%3A0%2Cinfantinlap%3AY
JavaScript error: https://b.travel-assets.com/datacapture/2/js/analytics-core-bundle-min.js, line 22: Error: 4301 (The given (TPID, EAPID) pair (67, 0) is not valid for the Experiment 26862)
JavaScript error: https://b.travel-assets.com/datacapture/2/js/analytics-core-bundle-min.js, line 22: Error: 4301 (The given (TPID, EAPID) pair (67, 0) is not valid for the Experiment 26863)
JavaScript error: https://b.travel-assets.com/datacapture/2/js/analytics-core-bundle-min.js, line 22: Error: 4301 (The given (TPID, EAPID) pair (67, 0) is not valid for the Experiment 26864)
JavaScript error: https://b.travel-assets.com/datacapture/2/js/analytics-core-bundle-min.js, line 22: Error: 4301 (The given (TPID, EAPID) pair (67, 0) is not valid for the Experiment 26865)
JavaScript error: https://b.travel-assets.com/datacapture/2/js/analytics-core-bundle-min.js, line 22: Error: 4301 (The given (TPID, EAPID) pair (67, 0) is not valid for the Experiment 26866)
JavaScript error: https://b.travel-assets.com/datacapture/2/js/analytics-core-bundle-min.js, line 22: Error: 4301 (The given (TPID, EAPID) pair (67, 0) is not valid for the Experiment 26981)
JavaScript error: https://b.travel-assets.com/datacapture/2/js/analytics-core-bundle-min.js, line 22: Error: 4301 (The given (TPID, EAPID) pair (67, 0) is not valid for the Experiment 26982)
JavaScript error: https://b.travel-assets.com/datacapture/2/js/analytics-core-bundle-min.js, line 22: Error: 4301 (The given (TPID, EAPID) pair (67, 0) is not valid for the Experiment 26983)
JavaScript error: https://b.travel-assets.com/datacapture/2/js/analytics-core-bundle-min.js, line 22: Error: 4301 (The given (TPID, EAPID) pair (67, 0) is not valid for the Experiment 26984)
JavaScript error: https://b.travel-assets.com/datacapture/2/js/analytics-core-bundle-min.js, line 22: Error: 4301 (The given (TPID, EAPID) pair (67, 0) is not valid for the Experiment 26985)
JavaScript error: https://b.travel-assets.com/datacapture/2/js/analytics-core-bundle-min.js, line 22: Error: 4301 (The given (TPID, EAPID) pair (67, 0) is not valid for the Experiment 26986)
JavaScript error: https://b.travel-assets.com/datacapture/2/js/analytics-core-bundle-min.js, line 22: Error: 4301 (The given (TPID, EAPID) pair (67, 0) is not valid for the Experiment 26987)
JavaScript error: https://b.travel-assets.com/datacapture/2/js/analytics-core-bundle-min.js, line 22: Error: 4301 (The given (TPID, EAPID) pair (67, 0) is not valid for the Experiment 26988)
JavaScript error: https://b.travel-assets.com/datacapture/2/js/analytics-core-bundle-min.js, line 22: Error: 4301 (The given (TPID, EAPID) pair (67, 0) is not valid for the Experiment 26989)
JavaScript error: https://b.travel-assets.com/datacapture/2/js/analytics-core-bundle-min.js, line 22: Error: 4301 (The given (TPID, EAPID) pair (67, 0) is not valid for the Experiment 26990)
JavaScript error: https://b.travel-assets.com/datacapture/2/js/analytics-core-bundle-min.js, line 22: Error: 4301 (The given (TPID, EAPID) pair (67, 0) is not valid for the Experiment 26991)
JavaScript error: https://b.travel-assets.com/datacapture/2/js/analytics-core-bundle-min.js, line 22: Error: 4301 (The given (TPID, EAPID) pair (67, 0) is not valid for the Experiment 26992)
JavaScript error: https://b.travel-assets.com/datacapture/2/js/analytics-core-bundle-min.js, line 22: Error: 4301 (The given (TPID, EAPID) pair (67, 0) is not valid for the Experiment 26993)
JavaScript error: https://b.travel-assets.com/datacapture/2/js/analytics-core-bundle-min.js, line 22: Error: 4301 (The given (TPID, EAPID) pair (67, 0) is not valid for the Experiment 26994)
JavaScript error: https://b.travel-assets.com/datacapture/2/js/analytics-core-bundle-min.js, line 22: Error: 4301 (The given (TPID, EAPID) pair (67, 0) is not valid for the Experiment 26995)
1538402947019	Marionette	DEBUG	[2147483649] Received DOM event pageshow for https://www.expedia.dk/Flights-Search?flight-type=on&starDate=14.10.2018&mode=search&trip=oneway&leg1=from%3ALondon%2C+Englan ... %28CPH-Kastrup+Lufthavn%29%2Cdeparture%3A14.10.2018TANYT&passengers=children%3A0%2Cadults%3A1%2Cseniors%3A0%2Cinfantinlap%3AY
1538402961975	Marionette	INFO	Stopped listening on port 40453
